This file contains any messages produced by compilers while
running configure, to aid debugging if configure makes a mistake.

It was created by adolc configure 2.0.0, which was
generated by GNU Autoconf 2.59.  Invocation command line was

  $ ./configure --prefix=/u/walter/workspace/python_extension_for_adolc/adolc-2.0.0

## --------- ##
## Platform. ##
## --------- ##

hostname = wronski
uname -m = i686
uname -r = 2.6.22.19-0.1-bigsmp
uname -s = Linux
uname -v = #1 SMP 2008-10-14 22:17:43 +0200

/usr/bin/uname -p = unknown
/bin/uname -X     = unknown

/bin/arch              = i686
/usr/bin/arch -k       = unknown
/usr/convex/getsysinfo = unknown
hostinfo               = unknown
/bin/machine           = unknown
/usr/bin/oslevel       = unknown
/bin/universe          = unknown

PATH: /data/walter/opt_software/py/py-0.9.x/py/bin
PATH: .
PATH: /u/walter/workspace/VPLAN2/bin
PATH: /bin
PATH: /usr/bin
PATH: /bin
PATH: /sbin
PATH: /usr/sbin
PATH: /usr/local/bin
PATH: /usr/local/sbin
PATH: /usr/math/bin
PATH: /usr/math/sbin
PATH: /usr/math/bin
PATH: /usr/math/sbin
PATH: /usr/X11R6/bin
PATH: /opt/kde3/bin
PATH: /usr/lib
PATH: /etc
PATH: /usr/bin/X11
PATH: /usr/math/java/bin
PATH: /usr/math/maple/bin
PATH: /usr/lib/qt3/bin
PATH: /u/walter/workspace/VPLAN2/lib/ADIFOR2.0D/bin
PATH: /u/walter/workspace/VPLAN2/linux/bin
PATH: /data/walter/opt_software/dmd.2.007/dmd/bin
PATH: /data/walter/opt_software/dmd.1.015/dmd/bin
PATH: /u/walter/opt_software/cmake-2.4.8/bin
PATH: /data/walter/opt_software/Cython-0.9.6.14/bin
PATH: /data/walter/opt_software/gnat/bin
PATH: /data/walter/opt_software/astyle/bin
PATH: /data/walter/opt_software/graphviz/bin
PATH: /data/walter/opt_software/cscope/bin
PATH: /data/walter/opt_software/ruby/bin
PATH: /data/walter/opt_software/jedit4.3pre14/bin
PATH: /data/walter/opt_software/sage-2.10.1
PATH: /data/walter/opt_software/epix-1.2.4/bin
PATH: /data/walter/opt_software/spe/_spe
PATH: /data/walter/opt_software/swig-1.3.36/bin
PATH: /data/walter/opt_software/mercurial-1.1


## ----------- ##
## Core tests. ##
## ----------- ##

configure:1581: checking for a BSD-compatible install
configure:1636: result: /usr/bin/install -c
configure:1647: checking whether build environment is sane
configure:1690: result: yes
configure:1755: checking for gawk
configure:1771: found /bin/gawk
configure:1781: result: gawk
configure:1791: checking whether make sets $(MAKE)
configure:1811: result: yes
configure:2033: checking for g++
configure:2049: found /usr/bin/g++
configure:2059: result: g++
configure:2075: checking for C++ compiler version
configure:2078: g++ --version </dev/null >&5
g++ (GCC) 4.2.1 (SUSE Linux)
Copyright (C) 2007 Free Software Foundation, Inc.
This is free software; see the source for copying conditions.  There is NO
warranty; not even for MERCHANTABILITY or FITNESS FOR A PARTICULAR PURPOSE.

configure:2081: $? = 0
configure:2083: g++ -v </dev/null >&5
Using built-in specs.
Target: i586-suse-linux
Configured with: ../configure --enable-threads=posix --prefix=/usr --with-local-prefix=/usr/local --infodir=/usr/share/info --mandir=/usr/share/man --libdir=/usr/lib --libexecdir=/usr/lib --enable-languages=c,c++,objc,fortran,obj-c++,java,ada --enable-checking=release --with-gxx-include-dir=/usr/include/c++/4.2.1 --enable-ssp --disable-libssp --disable-libgcj --with-slibdir=/lib --with-system-zlib --enable-shared --enable-__cxa_atexit --enable-libstdcxx-allocator=new --disable-libstdcxx-pch --program-suffix=-4.2 --enable-version-specific-runtime-libs --without-system-libunwind --with-cpu=generic --host=i586-suse-linux
Thread model: posix
gcc version 4.2.1 (SUSE Linux)
configure:2086: $? = 0
configure:2088: g++ -V </dev/null >&5
g++: '-V' option must have argument
configure:2091: $? = 1
configure:2114: checking for C++ compiler default output file name
configure:2117: g++    conftest.cc  >&5
configure:2120: $? = 0
configure:2166: result: a.out
configure:2171: checking whether the C++ compiler works
configure:2177: ./a.out
configure:2180: $? = 0
configure:2197: result: yes
configure:2204: checking whether we are cross compiling
configure:2206: result: no
configure:2209: checking for suffix of executables
configure:2211: g++ -o conftest    conftest.cc  >&5
configure:2214: $? = 0
configure:2239: result: 
configure:2245: checking for suffix of object files
configure:2266: g++ -c   conftest.cc >&5
configure:2269: $? = 0
configure:2291: result: o
configure:2295: checking whether we are using the GNU C++ compiler
configure:2319: g++ -c   conftest.cc >&5
configure:2325: $? = 0
configure:2329: test -z 
			 || test ! -s conftest.err
configure:2332: $? = 0
configure:2335: test -s conftest.o
configure:2338: $? = 0
configure:2351: result: yes
configure:2357: checking whether g++ accepts -g
configure:2378: g++ -c -g  conftest.cc >&5
configure:2384: $? = 0
configure:2388: test -z 
			 || test ! -s conftest.err
configure:2391: $? = 0
configure:2394: test -s conftest.o
configure:2397: $? = 0
configure:2408: result: yes
configure:2450: g++ -c -g -O2  conftest.cc >&5
configure:2456: $? = 0
configure:2460: test -z 
			 || test ! -s conftest.err
configure:2463: $? = 0
configure:2466: test -s conftest.o
configure:2469: $? = 0
configure:2495: g++ -c -g -O2  conftest.cc >&5
conftest.cc: In function 'int main()':
conftest.cc:15: error: 'exit' was not declared in this scope
configure:2501: $? = 1
configure: failed program was:
| /* confdefs.h.  */
| 
| #define PACKAGE_NAME "adolc"
| #define PACKAGE_TARNAME "adolc"
| #define PACKAGE_VERSION "2.0.0"
| #define PACKAGE_STRING "adolc 2.0.0"
| #define PACKAGE_BUGREPORT "adol-c@tu-dresden.de"
| #define PACKAGE "adolc"
| #define VERSION "2.0.0"
| /* end confdefs.h.  */
| 
| int
| main ()
| {
| exit (42);
|   ;
|   return 0;
| }
configure:2450: g++ -c -g -O2  conftest.cc >&5
conftest.cc:11: error: 'void std::exit(int)' should have been declared inside 'std'
configure:2456: $? = 1
configure: failed program was:
| /* confdefs.h.  */
| 
| #define PACKAGE_NAME "adolc"
| #define PACKAGE_TARNAME "adolc"
| #define PACKAGE_VERSION "2.0.0"
| #define PACKAGE_STRING "adolc 2.0.0"
| #define PACKAGE_BUGREPORT "adol-c@tu-dresden.de"
| #define PACKAGE "adolc"
| #define VERSION "2.0.0"
| /* end confdefs.h.  */
| extern "C" void std::exit (int) throw (); using std::exit;
| #include <stdlib.h>
| int
| main ()
| {
| exit (42);
|   ;
|   return 0;
| }
configure:2450: g++ -c -g -O2  conftest.cc >&5
conftest.cc:11: error: 'void std::exit(int)' should have been declared inside 'std'
In file included from conftest.cc:12:
/usr/include/stdlib.h:646: error: declaration of 'void std::exit(int) throw ()' throws different exceptions
conftest.cc:11: error: from previous declaration 'void std::exit(int)'
configure:2456: $? = 1
configure: failed program was:
| /* confdefs.h.  */
| 
| #define PACKAGE_NAME "adolc"
| #define PACKAGE_TARNAME "adolc"
| #define PACKAGE_VERSION "2.0.0"
| #define PACKAGE_STRING "adolc 2.0.0"
| #define PACKAGE_BUGREPORT "adol-c@tu-dresden.de"
| #define PACKAGE "adolc"
| #define VERSION "2.0.0"
| /* end confdefs.h.  */
| extern "C" void std::exit (int); using std::exit;
| #include <stdlib.h>
| int
| main ()
| {
| exit (42);
|   ;
|   return 0;
| }
configure:2450: g++ -c -g -O2  conftest.cc >&5
configure:2456: $? = 0
configure:2460: test -z 
			 || test ! -s conftest.err
configure:2463: $? = 0
configure:2466: test -s conftest.o
configure:2469: $? = 0
configure:2495: g++ -c -g -O2  conftest.cc >&5
configure:2501: $? = 0
configure:2505: test -z 
			 || test ! -s conftest.err
configure:2508: $? = 0
configure:2511: test -s conftest.o
configure:2514: $? = 0
configure:2548: checking for style of include used by make
configure:2576: result: GNU
configure:2604: checking dependency style of g++
configure:2694: result: gcc3
configure:2757: checking for gcc
configure:2773: found /usr/bin/gcc
configure:2783: result: gcc
configure:3027: checking for C compiler version
configure:3030: gcc --version </dev/null >&5
gcc (GCC) 4.2.1 (SUSE Linux)
Copyright (C) 2007 Free Software Foundation, Inc.
This is free software; see the source for copying conditions.  There is NO
warranty; not even for MERCHANTABILITY or FITNESS FOR A PARTICULAR PURPOSE.

configure:3033: $? = 0
configure:3035: gcc -v </dev/null >&5
Using built-in specs.
Target: i586-suse-linux
Configured with: ../configure --enable-threads=posix --prefix=/usr --with-local-prefix=/usr/local --infodir=/usr/share/info --mandir=/usr/share/man --libdir=/usr/lib --libexecdir=/usr/lib --enable-languages=c,c++,objc,fortran,obj-c++,java,ada --enable-checking=release --with-gxx-include-dir=/usr/include/c++/4.2.1 --enable-ssp --disable-libssp --disable-libgcj --with-slibdir=/lib --with-system-zlib --enable-shared --enable-__cxa_atexit --enable-libstdcxx-allocator=new --disable-libstdcxx-pch --program-suffix=-4.2 --enable-version-specific-runtime-libs --without-system-libunwind --with-cpu=generic --host=i586-suse-linux
Thread model: posix
gcc version 4.2.1 (SUSE Linux)
configure:3038: $? = 0
configure:3040: gcc -V </dev/null >&5
gcc: '-V' option must have argument
configure:3043: $? = 1
configure:3046: checking whether we are using the GNU C compiler
configure:3070: gcc -c   conftest.c >&5
configure:3076: $? = 0
configure:3080: test -z 
			 || test ! -s conftest.err
configure:3083: $? = 0
configure:3086: test -s conftest.o
configure:3089: $? = 0
configure:3102: result: yes
configure:3108: checking whether gcc accepts -g
configure:3129: gcc -c -g  conftest.c >&5
configure:3135: $? = 0
configure:3139: test -z 
			 || test ! -s conftest.err
configure:3142: $? = 0
configure:3145: test -s conftest.o
configure:3148: $? = 0
configure:3159: result: yes
configure:3176: checking for gcc option to accept ANSI C
configure:3246: gcc  -c -g -O2  conftest.c >&5
configure:3252: $? = 0
configure:3256: test -z 
			 || test ! -s conftest.err
configure:3259: $? = 0
configure:3262: test -s conftest.o
configure:3265: $? = 0
configure:3283: result: none needed
configure:3301: gcc -c -g -O2  conftest.c >&5
conftest.c:2: error: expected '=', ',', ';', 'asm' or '__attribute__' before 'me'
configure:3307: $? = 1
configure: failed program was:
| #ifndef __cplusplus
|   choke me
| #endif
configure:3442: checking dependency style of gcc
configure:3532: result: gcc3
configure:3554: checking how to run the C preprocessor
configure:3589: gcc -E  conftest.c
configure:3595: $? = 0
configure:3627: gcc -E  conftest.c
conftest.c:14:28: error: ac_nonexistent.h: No such file or directory
configure:3633: $? = 1
configure: failed program was:
| /* confdefs.h.  */
| 
| #define PACKAGE_NAME "adolc"
| #define PACKAGE_TARNAME "adolc"
| #define PACKAGE_VERSION "2.0.0"
| #define PACKAGE_STRING "adolc 2.0.0"
| #define PACKAGE_BUGREPORT "adol-c@tu-dresden.de"
| #define PACKAGE "adolc"
| #define VERSION "2.0.0"
| #ifdef __cplusplus
| extern "C" void exit (int) throw ();
| #endif
| /* end confdefs.h.  */
| #include <ac_nonexistent.h>
configure:3672: result: gcc -E
configure:3696: gcc -E  conftest.c
configure:3702: $? = 0
configure:3734: gcc -E  conftest.c
conftest.c:14:28: error: ac_nonexistent.h: No such file or directory
configure:3740: $? = 1
configure: failed program was:
| /* confdefs.h.  */
| 
| #define PACKAGE_NAME "adolc"
| #define PACKAGE_TARNAME "adolc"
| #define PACKAGE_VERSION "2.0.0"
| #define PACKAGE_STRING "adolc 2.0.0"
| #define PACKAGE_BUGREPORT "adol-c@tu-dresden.de"
| #define PACKAGE "adolc"
| #define VERSION "2.0.0"
| #ifdef __cplusplus
| extern "C" void exit (int) throw ();
| #endif
| /* end confdefs.h.  */
| #include <ac_nonexistent.h>
configure:3796: checking for a BSD-compatible install
configure:3851: result: /usr/bin/install -c
configure:3862: checking whether ln -s works
configure:3866: result: yes
configure:3873: checking whether make sets $(MAKE)
configure:3893: result: yes
configure:3943: checking for ranlib
configure:3959: found /usr/bin/ranlib
configure:3970: result: ranlib
configure:4062: checking build system type
configure:4080: result: i686-pc-linux-gnu
configure:4088: checking host system type
configure:4102: result: i686-pc-linux-gnu
configure:4110: checking for a sed that does not truncate output
configure:4166: result: /bin/sed
configure:4169: checking for egrep
configure:4179: result: grep -E
configure:4195: checking for ld used by gcc
configure:4262: result: /usr/i586-suse-linux/bin/ld
configure:4271: checking if the linker (/usr/i586-suse-linux/bin/ld) is GNU ld
configure:4286: result: yes
configure:4291: checking for /usr/i586-suse-linux/bin/ld option to reload object files
configure:4298: result: -r
configure:4316: checking for BSD-compatible nm
configure:4365: result: /usr/bin/nm -B
configure:4369: checking how to recognise dependent libraries
configure:4545: result: pass_all
configure:5020: checking for ANSI C header files
configure:5045: gcc -c -g -O2  conftest.c >&5
configure:5051: $? = 0
configure:5055: test -z 
			 || test ! -s conftest.err
configure:5058: $? = 0
configure:5061: test -s conftest.o
configure:5064: $? = 0
configure:5153: gcc -o conftest -g -O2   conftest.c  >&5
conftest.c: In function 'main':
conftest.c:31: warning: incompatible implicit declaration of built-in function 'exit'
configure:5156: $? = 0
configure:5158: ./conftest
configure:5161: $? = 0
configure:5176: result: yes
configure:5200: checking for sys/types.h
configure:5216: gcc -c -g -O2  conftest.c >&5
configure:5222: $? = 0
configure:5226: test -z 
			 || test ! -s conftest.err
configure:5229: $? = 0
configure:5232: test -s conftest.o
configure:5235: $? = 0
configure:5246: result: yes
configure:5200: checking for sys/stat.h
configure:5216: gcc -c -g -O2  conftest.c >&5
configure:5222: $? = 0
configure:5226: test -z 
			 || test ! -s conftest.err
configure:5229: $? = 0
configure:5232: test -s conftest.o
configure:5235: $? = 0
configure:5246: result: yes
configure:5200: checking for stdlib.h
configure:5216: gcc -c -g -O2  conftest.c >&5
configure:5222: $? = 0
configure:5226: test -z 
			 || test ! -s conftest.err
configure:5229: $? = 0
configure:5232: test -s conftest.o
configure:5235: $? = 0
configure:5246: result: yes
configure:5200: checking for string.h
configure:5216: gcc -c -g -O2  conftest.c >&5
configure:5222: $? = 0
configure:5226: test -z 
			 || test ! -s conftest.err
configure:5229: $? = 0
configure:5232: test -s conftest.o
configure:5235: $? = 0
configure:5246: result: yes
configure:5200: checking for memory.h
configure:5216: gcc -c -g -O2  conftest.c >&5
configure:5222: $? = 0
configure:5226: test -z 
			 || test ! -s conftest.err
configure:5229: $? = 0
configure:5232: test -s conftest.o
configure:5235: $? = 0
configure:5246: result: yes
configure:5200: checking for strings.h
configure:5216: gcc -c -g -O2  conftest.c >&5
configure:5222: $? = 0
configure:5226: test -z 
			 || test ! -s conftest.err
configure:5229: $? = 0
configure:5232: test -s conftest.o
configure:5235: $? = 0
configure:5246: result: yes
configure:5200: checking for inttypes.h
configure:5216: gcc -c -g -O2  conftest.c >&5
configure:5222: $? = 0
configure:5226: test -z 
			 || test ! -s conftest.err
configure:5229: $? = 0
configure:5232: test -s conftest.o
configure:5235: $? = 0
configure:5246: result: yes
configure:5200: checking for stdint.h
configure:5216: gcc -c -g -O2  conftest.c >&5
configure:5222: $? = 0
configure:5226: test -z 
			 || test ! -s conftest.err
configure:5229: $? = 0
configure:5232: test -s conftest.o
configure:5235: $? = 0
configure:5246: result: yes
configure:5200: checking for unistd.h
configure:5216: gcc -c -g -O2  conftest.c >&5
configure:5222: $? = 0
configure:5226: test -z 
			 || test ! -s conftest.err
configure:5229: $? = 0
configure:5232: test -s conftest.o
configure:5235: $? = 0
configure:5246: result: yes
configure:5272: checking dlfcn.h usability
configure:5284: gcc -c -g -O2  conftest.c >&5
configure:5290: $? = 0
configure:5294: test -z 
			 || test ! -s conftest.err
configure:5297: $? = 0
configure:5300: test -s conftest.o
configure:5303: $? = 0
configure:5313: result: yes
configure:5317: checking dlfcn.h presence
configure:5327: gcc -E  conftest.c
configure:5333: $? = 0
configure:5353: result: yes
configure:5388: checking for dlfcn.h
configure:5395: result: yes
configure:5418: checking how to run the C++ preprocessor
configure:5449: g++ -E  conftest.cc
configure:5455: $? = 0
configure:5487: g++ -E  conftest.cc
conftest.cc:25:28: error: ac_nonexistent.h: No such file or directory
configure:5493: $? = 1
configure: failed program was:
| /* confdefs.h.  */
| 
| #define PACKAGE_NAME "adolc"
| #define PACKAGE_TARNAME "adolc"
| #define PACKAGE_VERSION "2.0.0"
| #define PACKAGE_STRING "adolc 2.0.0"
| #define PACKAGE_BUGREPORT "adol-c@tu-dresden.de"
| #define PACKAGE "adolc"
| #define VERSION "2.0.0"
| #ifdef __cplusplus
| extern "C" void exit (int) throw ();
| #endif
| #define STDC_HEADERS 1
| #define HAVE_SYS_TYPES_H 1
| #define HAVE_SYS_STAT_H 1
| #define HAVE_STDLIB_H 1
| #define HAVE_STRING_H 1
| #define HAVE_MEMORY_H 1
| #define HAVE_STRINGS_H 1
| #define HAVE_INTTYPES_H 1
| #define HAVE_STDINT_H 1
| #define HAVE_UNISTD_H 1
| #define HAVE_DLFCN_H 1
| /* end confdefs.h.  */
| #include <ac_nonexistent.h>
configure:5532: result: g++ -E
configure:5556: g++ -E  conftest.cc
configure:5562: $? = 0
configure:5594: g++ -E  conftest.cc
conftest.cc:25:28: error: ac_nonexistent.h: No such file or directory
configure:5600: $? = 1
configure: failed program was:
| /* confdefs.h.  */
| 
| #define PACKAGE_NAME "adolc"
| #define PACKAGE_TARNAME "adolc"
| #define PACKAGE_VERSION "2.0.0"
| #define PACKAGE_STRING "adolc 2.0.0"
| #define PACKAGE_BUGREPORT "adol-c@tu-dresden.de"
| #define PACKAGE "adolc"
| #define VERSION "2.0.0"
| #ifdef __cplusplus
| extern "C" void exit (int) throw ();
| #endif
| #define STDC_HEADERS 1
| #define HAVE_SYS_TYPES_H 1
| #define HAVE_SYS_STAT_H 1
| #define HAVE_STDLIB_H 1
| #define HAVE_STRING_H 1
| #define HAVE_MEMORY_H 1
| #define HAVE_STRINGS_H 1
| #define HAVE_INTTYPES_H 1
| #define HAVE_STDINT_H 1
| #define HAVE_UNISTD_H 1
| #define HAVE_DLFCN_H 1
| /* end confdefs.h.  */
| #include <ac_nonexistent.h>
configure:5697: checking for g77
configure:5726: result: no
configure:5697: checking for f77
configure:5713: found /usr/math/bin/f77
configure:5723: result: f77
configure:5738: checking for Fortran 77 compiler version
configure:5741: f77 --version </dev/null >&5
invalid parameter --version
configure:5744: $? = 0
configure:5746: f77 -v </dev/null >&5
invalid parameter -v
configure:5749: $? = 0
configure:5751: f77 -V </dev/null >&5
invalid parameter -V
configure:5754: $? = 0
configure:5762: checking whether we are using the GNU Fortran 77 compiler
configure:5776: f77 -c  conftest.F >&5
sed: -e expression #1, char 69: invalid reference \1 on `s' command's RHS
configure:5782: $? = 4
configure: failed program was:
|       program main
| #ifndef __GNUC__
|        choke me
| #endif
| 
|       end
configure:5808: result: no
configure:5814: checking whether f77 accepts -g
configure:5826: f77 -c -g conftest.f >&5
sed: -e expression #1, char 69: invalid reference \1 on `s' command's RHS
configure:5832: $? = 4
configure: failed program was:
|       program main
| 
|       end
configure:5857: result: no
configure:5887: checking the maximum length of command line arguments
configure:5996: result: 32768
configure:6007: checking command to parse /usr/bin/nm -B output from gcc object
configure:6112: gcc -c -g -O2  conftest.c >&5
configure:6115: $? = 0
configure:6119: /usr/bin/nm -B conftest.o \| sed -n -e 's/^.*[ 	]\([ABCDGIRSTW][ABCDGIRSTW]*\)[ 	][ 	]*\([_A-Za-z][_A-Za-z0-9]*\)$/\1 \2 \2/p' \> conftest.nm
configure:6122: $? = 0
configure:6174: gcc -o conftest -g -O2   conftest.c conftstm.o >&5
configure:6177: $? = 0
configure:6215: result: ok
configure:6219: checking for objdir
configure:6234: result: .libs
configure:6324: checking for ar
configure:6340: found /usr/bin/ar
configure:6351: result: ar
configure:6404: checking for ranlib
configure:6431: result: ranlib
configure:6484: checking for strip
configure:6500: found /usr/bin/strip
configure:6511: result: strip
configure:6783: checking if gcc supports -fno-rtti -fno-exceptions
configure:6801: gcc -c -g -O2  -fno-rtti -fno-exceptions conftest.c >&5
cc1: warning: command line option "-fno-rtti" is valid for C++/ObjC++ but not for C
configure:6805: $? = 0
configure:6818: result: no
configure:6833: checking for gcc option to produce PIC
configure:7043: result: -fPIC
configure:7051: checking if gcc PIC flag -fPIC works
configure:7069: gcc -c -g -O2  -fPIC -DPIC conftest.c >&5
configure:7073: $? = 0
configure:7086: result: yes
configure:7114: checking if gcc static flag -static works
configure:7142: result: yes
configure:7152: checking if gcc supports -c -o file.o
configure:7173: gcc -c -g -O2  -o out/conftest2.o conftest.c >&5
configure:7177: $? = 0
configure:7199: result: yes
configure:7225: checking whether the gcc linker (/usr/i586-suse-linux/bin/ld) supports shared libraries
configure:8183: result: yes
configure:8204: checking whether -lc should be explicitly linked in
configure:8209: gcc -c -g -O2  conftest.c >&5
configure:8212: $? = 0
configure:8227: gcc -shared conftest.o  -v -Wl,-soname -Wl,conftest -o conftest 2\>\&1 \| grep  -lc  \>/dev/null 2\>\&1
configure:8230: $? = 0
configure:8242: result: no
configure:8250: checking dynamic linker characteristics
configure:8859: result: GNU/Linux ld.so
configure:8868: checking how to hardcode library paths into programs
configure:8893: result: immediate
configure:8907: checking whether stripping libraries is possible
configure:8912: result: yes
configure:9746: checking if libtool supports shared libraries
configure:9748: result: yes
configure:9751: checking whether to build shared libraries
configure:9772: result: yes
configure:9775: checking whether to build static libraries
configure:9779: result: yes
configure:9871: creating libtool
configure:10462: checking for ld used by g++
configure:10529: result: /usr/i586-suse-linux/bin/ld
configure:10538: checking if the linker (/usr/i586-suse-linux/bin/ld) is GNU ld
configure:10553: result: yes
configure:10604: checking whether the g++ linker (/usr/i586-suse-linux/bin/ld) supports shared libraries
configure:11542: result: yes
configure:11560: g++ -c -g -O2  conftest.cpp >&5
configure:11563: $? = 0
configure:11682: checking for g++ option to produce PIC
configure:11956: result: -fPIC
configure:11964: checking if g++ PIC flag -fPIC works
configure:11982: g++ -c -g -O2  -fPIC -DPIC conftest.cpp >&5
configure:11986: $? = 0
configure:11999: result: yes
configure:12027: checking if g++ static flag -static works
configure:12055: result: yes
configure:12065: checking if g++ supports -c -o file.o
configure:12086: g++ -c -g -O2  -o out/conftest2.o conftest.cpp >&5
configure:12090: $? = 0
configure:12112: result: yes
configure:12138: checking whether the g++ linker (/usr/i586-suse-linux/bin/ld) supports shared libraries
configure:12163: result: yes
configure:12230: checking dynamic linker characteristics
configure:12839: result: GNU/Linux ld.so
configure:12848: checking how to hardcode library paths into programs
configure:12873: result: immediate
configure:13402: checking if libtool supports shared libraries
configure:13404: result: yes
configure:13407: checking whether to build shared libraries
configure:13427: result: yes
configure:13430: checking whether to build static libraries
configure:13434: result: yes
configure:13444: checking for f77 option to produce PIC
configure:13654: result: -fPIC
configure:13662: checking if f77 PIC flag -fPIC works
configure:13680: f77 -c  -fPIC conftest.f >&5
invalid parameter -fPIC
sed: -e expression #1, char 69: invalid reference \1 on `s' command's RHS
configure:13684: $? = 4
configure:13697: result: no
configure:13725: checking if f77 static flag -static works
configure:13753: result: no
configure:13763: checking if f77 supports -c -o file.o
configure:13784: f77 -c  -o out/conftest2.o conftest.f >&5
sed: -e expression #1, char 69: invalid reference \1 on `s' command's RHS
configure:13788: $? = 4
configure:13810: result: no
configure:13836: checking whether the f77 linker (/usr/i586-suse-linux/bin/ld) supports shared libraries
configure:14774: result: yes
configure:14841: checking dynamic linker characteristics
configure:15450: result: GNU/Linux ld.so
configure:15459: checking how to hardcode library paths into programs
configure:15484: result: immediate
configure:19080: checking for pow in -lm
configure:19110: gcc -o conftest -g -O2   conftest.c -lm   >&5
conftest.c:32: warning: conflicting types for built-in function 'pow'
configure:19116: $? = 0
configure:19120: test -z 
			 || test ! -s conftest.err
configure:19123: $? = 0
configure:19126: test -s conftest
configure:19129: $? = 0
configure:19142: result: yes
configure:19155: checking for ANSI C header files
configure:19311: result: yes
configure:19321: checking whether time.h and sys/time.h may both be included
configure:19346: gcc -c -g -O2  conftest.c >&5
configure:19352: $? = 0
configure:19356: test -z 
			 || test ! -s conftest.err
configure:19359: $? = 0
configure:19362: test -s conftest.o
configure:19365: $? = 0
configure:19376: result: yes
configure:19386: checking for stdbool.h that conforms to C99
configure:19439: gcc -c -g -O2  conftest.c >&5
configure:19445: $? = 0
configure:19449: test -z 
			 || test ! -s conftest.err
configure:19452: $? = 0
configure:19455: test -s conftest.o
configure:19458: $? = 0
configure:19469: result: yes
configure:19471: checking for _Bool
configure:19495: gcc -c -g -O2  conftest.c >&5
configure:19501: $? = 0
configure:19505: test -z 
			 || test ! -s conftest.err
configure:19508: $? = 0
configure:19511: test -s conftest.o
configure:19514: $? = 0
configure:19525: result: yes
configure:19562: checking stddef.h usability
configure:19574: gcc -c -g -O2  conftest.c >&5
configure:19580: $? = 0
configure:19584: test -z 
			 || test ! -s conftest.err
configure:19587: $? = 0
configure:19590: test -s conftest.o
configure:19593: $? = 0
configure:19603: result: yes
configure:19607: checking stddef.h presence
configure:19617: gcc -E  conftest.c
configure:19623: $? = 0
configure:19643: result: yes
configure:19678: checking for stddef.h
configure:19685: result: yes
configure:19553: checking for stdlib.h
configure:19558: result: yes
configure:19562: checking stdio.h usability
configure:19574: gcc -c -g -O2  conftest.c >&5
configure:19580: $? = 0
configure:19584: test -z 
			 || test ! -s conftest.err
configure:19587: $? = 0
configure:19590: test -s conftest.o
configure:19593: $? = 0
configure:19603: result: yes
configure:19607: checking stdio.h presence
configure:19617: gcc -E  conftest.c
configure:19623: $? = 0
configure:19643: result: yes
configure:19678: checking for stdio.h
configure:19685: result: yes
configure:19553: checking for string.h
configure:19558: result: yes
configure:19562: checking sys/timeb.h usability
configure:19574: gcc -c -g -O2  conftest.c >&5
configure:19580: $? = 0
configure:19584: test -z 
			 || test ! -s conftest.err
configure:19587: $? = 0
configure:19590: test -s conftest.o
configure:19593: $? = 0
configure:19603: result: yes
configure:19607: checking sys/timeb.h presence
configure:19617: gcc -E  conftest.c
configure:19623: $? = 0
configure:19643: result: yes
configure:19678: checking for sys/timeb.h
configure:19685: result: yes
configure:19700: checking for an ANSI C-conforming const
configure:19767: gcc -c -g -O2  conftest.c >&5
configure:19773: $? = 0
configure:19777: test -z 
			 || test ! -s conftest.err
configure:19780: $? = 0
configure:19783: test -s conftest.o
configure:19786: $? = 0
configure:19797: result: yes
configure:19807: checking for inline
configure:19828: gcc -c -g -O2  conftest.c >&5
configure:19834: $? = 0
configure:19838: test -z 
			 || test ! -s conftest.err
configure:19841: $? = 0
configure:19844: test -s conftest.o
configure:19847: $? = 0
configure:19859: result: inline
configure:19878: checking for size_t
configure:19902: gcc -c -g -O2  conftest.c >&5
configure:19908: $? = 0
configure:19912: test -z 
			 || test ! -s conftest.err
configure:19915: $? = 0
configure:19918: test -s conftest.o
configure:19921: $? = 0
configure:19932: result: yes
configure:19944: checking whether struct tm is in sys/time.h or time.h
configure:19967: gcc -c -g -O2  conftest.c >&5
configure:19973: $? = 0
configure:19977: test -z 
			 || test ! -s conftest.err
configure:19980: $? = 0
configure:19983: test -s conftest.o
configure:19986: $? = 0
configure:19997: result: time.h
configure:20014: checking for stdlib.h
configure:20019: result: yes
configure:20159: checking for GNU libc compatible malloc
configure:20188: gcc -o conftest -g -O2   conftest.c -lm  >&5
configure:20191: $? = 0
configure:20193: ./conftest
configure:20196: $? = 0
configure:20210: result: yes
configure:20245: checking for stdlib.h
configure:20250: result: yes
configure:20390: checking for GNU libc compatible realloc
configure:20419: gcc -o conftest -g -O2   conftest.c -lm  >&5
configure:20422: $? = 0
configure:20424: ./conftest
configure:20427: $? = 0
configure:20441: result: yes
configure:20480: checking for floor
configure:20537: gcc -o conftest -g -O2   conftest.c -lm  >&5
conftest.c:63: warning: conflicting types for built-in function 'floor'
configure:20543: $? = 0
configure:20547: test -z 
			 || test ! -s conftest.err
configure:20550: $? = 0
configure:20553: test -s conftest
configure:20556: $? = 0
configure:20568: result: yes
configure:20480: checking for ftime
configure:20537: gcc -o conftest -g -O2   conftest.c -lm  >&5
configure:20543: $? = 0
configure:20547: test -z 
			 || test ! -s conftest.err
configure:20550: $? = 0
configure:20553: test -s conftest
configure:20556: $? = 0
configure:20568: result: yes
configure:20480: checking for pow
configure:20537: gcc -o conftest -g -O2   conftest.c -lm  >&5
conftest.c:65: warning: conflicting types for built-in function 'pow'
configure:20543: $? = 0
configure:20547: test -z 
			 || test ! -s conftest.err
configure:20550: $? = 0
configure:20553: test -s conftest
configure:20556: $? = 0
configure:20568: result: yes
configure:20480: checking for sqrt
configure:20537: gcc -o conftest -g -O2   conftest.c -lm  >&5
conftest.c:66: warning: conflicting types for built-in function 'sqrt'
configure:20543: $? = 0
configure:20547: test -z 
			 || test ! -s conftest.err
configure:20550: $? = 0
configure:20553: test -s conftest
configure:20556: $? = 0
configure:20568: result: yes
configure:20480: checking for strchr
configure:20537: gcc -o conftest -g -O2   conftest.c -lm  >&5
conftest.c:67: warning: conflicting types for built-in function 'strchr'
configure:20543: $? = 0
configure:20547: test -z 
			 || test ! -s conftest.err
configure:20550: $? = 0
configure:20553: test -s conftest
configure:20556: $? = 0
configure:20568: result: yes
configure:20480: checking for strtol
configure:20537: gcc -o conftest -g -O2   conftest.c -lm  >&5
configure:20543: $? = 0
configure:20547: test -z 
			 || test ! -s conftest.err
configure:20550: $? = 0
configure:20553: test -s conftest
configure:20556: $? = 0
configure:20568: result: yes
configure:20599: checking whether to use ADOL-C debug mode
configure:20613: result: no
configure:20618: checking whether to use ADOL-C hard debug mode
configure:20637: result: no
configure:20642: checking whether standard adouble constructor shall zero value
configure:20656: result: no
configure:20661: checking whether errno is thread save
configure:20675: result: no
configure:20680: checking whether external function call forces backup of all adoubles
configure:20694: result: no
configure:20700: checking whether to build sparse drivers
configure:20711: result: no
configure:20726: checking whether to build documented examples
configure:20737: result: no
configure:20751: checking whether to build additional examples
configure:20762: result: no
configure:20776: checking whether to build parallel example
configure:20787: result: no
configure:20802: checking which flag to use to enable OpenMP
configure:20815: result: 
configure:20819: checking which CFLAGS to use
configure:20842: result: -O3 -Wall -ansi 
configure:20846: checking which CXXFLAGS to use
configure:20869: result: -O3 -Wall 
configure:21021: creating ./config.status

## ---------------------- ##
## Running config.status. ##
## ---------------------- ##

This file was extended by adolc config.status 2.0.0, which was
generated by GNU Autoconf 2.59.  Invocation command line was

  CONFIG_FILES    = 
  CONFIG_HEADERS  = 
  CONFIG_LINKS    = 
  CONFIG_COMMANDS = 
  $ ./config.status 

on wronski

config.status:757: creating Makefile
config.status:757: creating adolc/Makefile
config.status:757: creating adolc/drivers/Makefile
config.status:757: creating adolc/sparse/Makefile
config.status:757: creating adolc/tapedoc/Makefile
config.status:757: creating doc/Makefile
config.status:757: creating examples/Makefile
config.status:757: creating examples/additional_examples/Makefile
config.status:757: creating examples/additional_examples/clock/Makefile
config.status:757: creating examples/additional_examples/checkpointing/Makefile
config.status:757: creating examples/additional_examples/ext_diff_func/Makefile
config.status:757: creating examples/additional_examples/fixpoint_exam/Makefile
config.status:757: creating examples/additional_examples/hessmat/Makefile
config.status:757: creating examples/additional_examples/lufact/Makefile
config.status:757: creating examples/additional_examples/openmp_exam/Makefile
config.status:757: creating examples/additional_examples/scal/Makefile
config.status:757: creating examples/additional_examples/speelpenning/Makefile
config.status:757: creating examples/additional_examples/taylor/Makefile
config.status:757: creating examples/additional_examples/detexam/Makefile
config.status:757: creating examples/additional_examples/helm/Makefile
config.status:757: creating examples/additional_examples/lighthouse/Makefile
config.status:757: creating examples/additional_examples/ode/Makefile
config.status:757: creating examples/additional_examples/sparse/Makefile
config.status:757: creating examples/additional_examples/tapesave/Makefile
config.status:757: creating examples/additional_examples/pow/Makefile
config.status:757: creating examples/additional_examples/timing/Makefile
config.status:861: creating adolc/config.h
config.status:1213: executing depfiles commands

## ---------------- ##
## Cache variables. ##
## ---------------- ##

ac_cv_build=i686-pc-linux-gnu
ac_cv_build_alias=i686-pc-linux-gnu
ac_cv_c_compiler_gnu=yes
ac_cv_c_const=yes
ac_cv_c_inline=inline
ac_cv_cxx_compiler_gnu=yes
ac_cv_env_CC_set=
ac_cv_env_CC_value=
ac_cv_env_CFLAGS_set=
ac_cv_env_CFLAGS_value=
ac_cv_env_CPPFLAGS_set=
ac_cv_env_CPPFLAGS_value=
ac_cv_env_CPP_set=
ac_cv_env_CPP_value=
ac_cv_env_CXXCPP_set=
ac_cv_env_CXXCPP_value=
ac_cv_env_CXXFLAGS_set=
ac_cv_env_CXXFLAGS_value=
ac_cv_env_CXX_set=
ac_cv_env_CXX_value=
ac_cv_env_F77_set=
ac_cv_env_F77_value=
ac_cv_env_FFLAGS_set=
ac_cv_env_FFLAGS_value=
ac_cv_env_LDFLAGS_set=
ac_cv_env_LDFLAGS_value=
ac_cv_env_build_alias_set=
ac_cv_env_build_alias_value=
ac_cv_env_host_alias_set=
ac_cv_env_host_alias_value=
ac_cv_env_target_alias_set=
ac_cv_env_target_alias_value=
ac_cv_exeext=
ac_cv_f77_compiler_gnu=no
ac_cv_func_floor=yes
ac_cv_func_ftime=yes
ac_cv_func_malloc_0_nonnull=yes
ac_cv_func_pow=yes
ac_cv_func_realloc_0_nonnull=yes
ac_cv_func_sqrt=yes
ac_cv_func_strchr=yes
ac_cv_func_strtol=yes
ac_cv_header_dlfcn_h=yes
ac_cv_header_inttypes_h=yes
ac_cv_header_memory_h=yes
ac_cv_header_stdbool_h=yes
ac_cv_header_stdc=yes
ac_cv_header_stddef_h=yes
ac_cv_header_stdint_h=yes
ac_cv_header_stdio_h=yes
ac_cv_header_stdlib_h=yes
ac_cv_header_string_h=yes
ac_cv_header_strings_h=yes
ac_cv_header_sys_stat_h=yes
ac_cv_header_sys_timeb_h=yes
ac_cv_header_sys_types_h=yes
ac_cv_header_time=yes
ac_cv_header_unistd_h=yes
ac_cv_host=i686-pc-linux-gnu
ac_cv_host_alias=i686-pc-linux-gnu
ac_cv_lib_m_pow=yes
ac_cv_objext=o
ac_cv_path_install='/usr/bin/install -c'
ac_cv_prog_AWK=gawk
ac_cv_prog_CPP='gcc -E'
ac_cv_prog_CXXCPP='g++ -E'
ac_cv_prog_ac_ct_AR=ar
ac_cv_prog_ac_ct_CC=gcc
ac_cv_prog_ac_ct_CXX=g++
ac_cv_prog_ac_ct_F77=f77
ac_cv_prog_ac_ct_RANLIB=ranlib
ac_cv_prog_ac_ct_STRIP=strip
ac_cv_prog_cc_g=yes
ac_cv_prog_cc_stdc=
ac_cv_prog_cxx_g=yes
ac_cv_prog_egrep='grep -E'
ac_cv_prog_f77_g=no
ac_cv_prog_make_make_set=yes
ac_cv_struct_tm=time.h
ac_cv_type__Bool=yes
ac_cv_type_size_t=yes
am_cv_CC_dependencies_compiler_type=gcc3
am_cv_CXX_dependencies_compiler_type=gcc3
lt_cv_deplibs_check_method=pass_all
lt_cv_file_magic_cmd='$MAGIC_CMD'
lt_cv_file_magic_test_file=
lt_cv_ld_reload_flag=-r
lt_cv_objdir=.libs
lt_cv_path_LD=/usr/i586-suse-linux/bin/ld
lt_cv_path_LDCXX=/usr/i586-suse-linux/bin/ld
lt_cv_path_NM='/usr/bin/nm -B'
lt_cv_path_SED=/bin/sed
lt_cv_prog_compiler_c_o=yes
lt_cv_prog_compiler_c_o_CXX=yes
lt_cv_prog_compiler_c_o_F77=no
lt_cv_prog_compiler_rtti_exceptions=no
lt_cv_prog_gnu_ld=yes
lt_cv_prog_gnu_ldcxx=yes
lt_cv_sys_global_symbol_pipe='sed -n -e '\''s/^.*[ 	]\([ABCDGIRSTW][ABCDGIRSTW]*\)[ 	][ 	]*\([_A-Za-z][_A-Za-z0-9]*\)$/\1 \2 \2/p'\'''
lt_cv_sys_global_symbol_to_c_name_address='sed -n -e '\''s/^: \([^ ]*\) $/  {\"\1\", (lt_ptr) 0},/p'\'' -e '\''s/^[BCDEGRST] \([^ ]*\) \([^ ]*\)$/  {"\2", (lt_ptr) \&\2},/p'\'''
lt_cv_sys_global_symbol_to_cdecl='sed -n -e '\''s/^. .* \(.*\)$/extern int \1;/p'\'''
lt_cv_sys_max_cmd_len=32768
lt_lt_cv_prog_compiler_c_o='"yes"'
lt_lt_cv_prog_compiler_c_o_CXX='"yes"'
lt_lt_cv_prog_compiler_c_o_F77='"no"'
lt_lt_cv_sys_global_symbol_pipe='"sed -n -e '\''s/^.*[ 	]\\([ABCDGIRSTW][ABCDGIRSTW]*\\)[ 	][ 	]*\\([_A-Za-z][_A-Za-z0-9]*\\)\$/\\1 \\2 \\2/p'\''"'
lt_lt_cv_sys_global_symbol_to_c_name_address='"sed -n -e '\''s/^: \\([^ ]*\\) \$/  {\\\"\\1\\\", (lt_ptr) 0},/p'\'' -e '\''s/^[BCDEGRST] \\([^ ]*\\) \\([^ ]*\\)\$/  {\"\\2\", (lt_ptr) \\&\\2},/p'\''"'
lt_lt_cv_sys_global_symbol_to_cdecl='"sed -n -e '\''s/^. .* \\(.*\\)\$/extern int \\1;/p'\''"'

## ----------------- ##
## Output variables. ##
## ----------------- ##

ACLOCAL='${SHELL} /usr/math/s3_sunu2/walter/workspace/python_extension_for_adolc/adolc-2.0.0/autoconf/missing --run aclocal-1.9'
ADDEXA_FALSE=''
ADDEXA_TRUE='#'
AMDEPBACKSLASH='\'
AMDEP_FALSE='#'
AMDEP_TRUE=''
AMTAR='${SHELL} /usr/math/s3_sunu2/walter/workspace/python_extension_for_adolc/adolc-2.0.0/autoconf/missing --run tar'
AR='ar'
AS='as'
AUTOCONF='${SHELL} /usr/math/s3_sunu2/walter/workspace/python_extension_for_adolc/adolc-2.0.0/autoconf/missing --run autoconf'
AUTOHEADER='${SHELL} /usr/math/s3_sunu2/walter/workspace/python_extension_for_adolc/adolc-2.0.0/autoconf/missing --run autoheader'
AUTOMAKE='${SHELL} /usr/math/s3_sunu2/walter/workspace/python_extension_for_adolc/adolc-2.0.0/autoconf/missing --run automake-1.9'
AWK='gawk'
CC='gcc'
CCDEPMODE='depmode=gcc3'
CFLAGS='-g -O2'
CPP='gcc -E'
CPPFLAGS=''
CXX='g++'
CXXCPP='g++ -E'
CXXDEPMODE='depmode=gcc3'
CXXFLAGS='-g -O2'
CYGPATH_W='echo'
DEFS='-DHAVE_CONFIG_H'
DEPDIR='.deps'
DLLTOOL='dlltool'
DOCEXA_FALSE=''
DOCEXA_TRUE='#'
ECHO='echo'
ECHO_C=''
ECHO_N='-n'
ECHO_T=''
EGREP='grep -E'
EXEEXT=''
F77='f77'
FFLAGS=''
INSTALL_DATA='${INSTALL} -m 644'
INSTALL_PROGRAM='${INSTALL}'
INSTALL_SCRIPT='${INSTALL}'
INSTALL_STRIP_PROGRAM='${SHELL} $(install_sh) -c -s'
LDFLAGS=''
LIBOBJS=''
LIBS='-lm '
LIBTOOL='$(SHELL) $(top_builddir)/libtool'
LN_S='ln -s'
LTLIBOBJS=''
MAKEINFO='${SHELL} /usr/math/s3_sunu2/walter/workspace/python_extension_for_adolc/adolc-2.0.0/autoconf/missing --run makeinfo'
OBJDUMP='objdump'
OBJEXT='o'
PACKAGE='adolc'
PACKAGE_BUGREPORT='adol-c@tu-dresden.de'
PACKAGE_NAME='adolc'
PACKAGE_STRING='adolc 2.0.0'
PACKAGE_TARNAME='adolc'
PACKAGE_VERSION='2.0.0'
PAREXA_FALSE=''
PAREXA_TRUE='#'
PATH_SEPARATOR=':'
RANLIB='ranlib'
SED='/bin/sed'
SET_MAKE=''
SHELL='/bin/sh'
SPARSE_FALSE=''
SPARSE_TRUE='#'
STRIP='strip'
VERSION='2.0.0'
ac_adolc_cflags='-O3 -Wall -ansi '
ac_adolc_cxxflags='-O3 -Wall '
ac_aux_dir='autoconf'
ac_ct_AR='ar'
ac_ct_AS=''
ac_ct_CC='gcc'
ac_ct_CXX='g++'
ac_ct_DLLTOOL=''
ac_ct_F77='f77'
ac_ct_OBJDUMP=''
ac_ct_RANLIB='ranlib'
ac_ct_STRIP='strip'
am__fastdepCC_FALSE='#'
am__fastdepCC_TRUE=''
am__fastdepCXX_FALSE='#'
am__fastdepCXX_TRUE=''
am__include='include'
am__leading_dot='.'
am__quote=''
am__tar='${AMTAR} chof - "$$tardir"'
am__untar='${AMTAR} xf -'
bindir='${exec_prefix}/bin'
build='i686-pc-linux-gnu'
build_alias=''
build_cpu='i686'
build_os='linux-gnu'
build_vendor='pc'
datadir='${prefix}/share'
exec_prefix='${prefix}'
host='i686-pc-linux-gnu'
host_alias=''
host_cpu='i686'
host_os='linux-gnu'
host_vendor='pc'
includedir='${prefix}/include'
infodir='${prefix}/info'
install_sh='/usr/math/s3_sunu2/walter/workspace/python_extension_for_adolc/adolc-2.0.0/autoconf/install-sh'
libdir='${exec_prefix}/lib'
libexecdir='${exec_prefix}/libexec'
localstatedir='${prefix}/var'
mandir='${prefix}/man'
mkdir_p='mkdir -p --'
oldincludedir='/usr/include'
prefix='/u/walter/workspace/python_extension_for_adolc/adolc-2.0.0'
program_transform_name='s,x,x,'
sbindir='${exec_prefix}/sbin'
sharedstatedir='${prefix}/com'
sysconfdir='${prefix}/etc'
target_alias=''

## ----------- ##
## confdefs.h. ##
## ----------- ##

#define ADOLC_PATCHLEVEL 0
#define ADOLC_SUBVERSION 0
#define ADOLC_VERSION 2
#define HAVE_DLFCN_H 1
#define HAVE_FLOOR 1
#define HAVE_FTIME 1
#define HAVE_INTTYPES_H 1
#define HAVE_LIBM 1
#define HAVE_MALLOC 1
#define HAVE_MEMORY_H 1
#define HAVE_POW 1
#define HAVE_REALLOC 1
#define HAVE_SQRT 1
#define HAVE_STDBOOL_H 1
#define HAVE_STDDEF_H 1
#define HAVE_STDINT_H 1
#define HAVE_STDIO_H 1
#define HAVE_STDLIB_H 1
#define HAVE_STDLIB_H 1
#define HAVE_STDLIB_H 1
#define HAVE_STDLIB_H 1
#define HAVE_STRCHR 1
#define HAVE_STRINGS_H 1
#define HAVE_STRING_H 1
#define HAVE_STRING_H 1
#define HAVE_STRTOL 1
#define HAVE_SYS_STAT_H 1
#define HAVE_SYS_TIMEB_H 1
#define HAVE_SYS_TYPES_H 1
#define HAVE_UNISTD_H 1
#define HAVE__BOOL 1
#define PACKAGE "adolc"
#define PACKAGE_BUGREPORT "adol-c@tu-dresden.de"
#define PACKAGE_NAME "adolc"
#define PACKAGE_STRING "adolc 2.0.0"
#define PACKAGE_TARNAME "adolc"
#define PACKAGE_VERSION "2.0.0"
#define STDC_HEADERS 1
#define STDC_HEADERS 1
#define TIME_WITH_SYS_TIME 1
#define VERSION "2.0.0"
#endif
#ifdef __cplusplus
extern "C" void exit (int) throw ();

configure: exit 0
